2021-12-15T05:12:46+00:00 CRITICAL Uncaught Error: Call to a member function get_categories() on null in C:\xampp\htdocs\nhui\wp-content\themes\wp-bootstrap-starter-child\woocommerce\cart\cart.php:85
Stack trace:
#0 C:\xampp\htdocs\nhui\wp-content\plugins\woocommerce\includes\wc-core-functions.php(345): include()
#1 C:\xampp\htdocs\nhui\wp-content\plugins\woocommerce\includes\shortcodes\class-wc-shortcode-cart.php(99): wc_get_template('cart/cart.php')
#2 C:\xampp\htdocs\nhui\wp-content\plugins\woocommerce\includes\class-wc-shortcodes.php(72): WC_Shortcode_Cart::output(Array)
#3 C:\xampp\htdocs\nhui\wp-content\plugins\woocommerce\includes\class-wc-shortcodes.php(85): WC_Shortcodes::shortcode_wrapper(Array)
#4 C:\xampp\htdocs\nhui\wp-includes\shortcodes.php(356): WC_Shortcodes::cart('', '', 'woocommerce_car...')
#5 [internal function]: do_shortcode_tag(Array)
#6 C:\xampp\htdocs\nhui\wp-includes\shortcodes.php(228): preg_replace_callback('/\\[(\\[?)(woocom...', 'do_shortcode_ta...', '[woocommerce_ca...')
#7 C:\xampp\htdocs\nhui\wp-includes\class-wp-hook.php(303): do_shortcode('[woocommerce_ca...')
#8 C:\xampp\htdocs\nhui\wp-includes\plugin.php(189): WP_Hook->apply_filters('[woocommerce_ca...', Array)
#9 C:\xampp\htdocs\nhui\wp-includes\post-template.php(253): apply_filters('the_content', '<!-- wp:shortco...')
#10 C:\xampp\htdocs\nhui\wp-content\themes\wp-bootstrap-starter\template-parts\content-page.php(24): the_content()
#11 C:\xampp\htdocs\nhui\wp-includes\template.php(772): require('C:\\xampp\\htdocs...')
#12 C:\xampp\htdocs\nhui\wp-includes\template.php(716): load_template('C:\\xampp\\htdocs...', false, Array)
#13 C:\xampp\htdocs\nhui\wp-includes\general-template.php(204): locate_template(Array, true, false, Array)
#14 C:\xampp\htdocs\nhui\wp-content\themes\wp-bootstrap-starter-child\page.php(24): get_template_part('template-parts/...', 'page')
#15 C:\xampp\htdocs\nhui\wp-includes\template-loader.php(106): include('C:\\xampp\\htdocs...')
#16 C:\xampp\htdocs\nhui\wp-blog-header.php(19): require_once('C:\\xampp\\htdocs...')
#17 C:\xampp\htdocs\nhui\index.php(17): require('C:\\xampp\\htdocs...')
#18 {main}
  thrown in C:\xampp\htdocs\nhui\wp-content\themes\wp-bootstrap-starter-child\woocommerce\cart\cart.php on line 85

2021-12-15T05:13:44+00:00 CRITICAL Uncaught Error: Call to a member function get_categories() on null in C:\xampp\htdocs\nhui\wp-content\themes\wp-bootstrap-starter-child\woocommerce\cart\cart.php:95
Stack trace:
#0 C:\xampp\htdocs\nhui\wp-content\plugins\woocommerce\includes\wc-core-functions.php(345): include()
#1 C:\xampp\htdocs\nhui\wp-content\plugins\woocommerce\includes\shortcodes\class-wc-shortcode-cart.php(99): wc_get_template('cart/cart.php')
#2 C:\xampp\htdocs\nhui\wp-content\plugins\woocommerce\includes\class-wc-shortcodes.php(72): WC_Shortcode_Cart::output(Array)
#3 C:\xampp\htdocs\nhui\wp-content\plugins\woocommerce\includes\class-wc-shortcodes.php(85): WC_Shortcodes::shortcode_wrapper(Array)
#4 C:\xampp\htdocs\nhui\wp-includes\shortcodes.php(356): WC_Shortcodes::cart('', '', 'woocommerce_car...')
#5 [internal function]: do_shortcode_tag(Array)
#6 C:\xampp\htdocs\nhui\wp-includes\shortcodes.php(228): preg_replace_callback('/\\[(\\[?)(woocom...', 'do_shortcode_ta...', '[woocommerce_ca...')
#7 C:\xampp\htdocs\nhui\wp-includes\class-wp-hook.php(303): do_shortcode('[woocommerce_ca...')
#8 C:\xampp\htdocs\nhui\wp-includes\plugin.php(189): WP_Hook->apply_filters('[woocommerce_ca...', Array)
#9 C:\xampp\htdocs\nhui\wp-includes\post-template.php(253): apply_filters('the_content', '<!-- wp:shortco...')
#10 C:\xampp\htdocs\nhui\wp-content\themes\wp-bootstrap-starter\template-parts\content-page.php(24): the_content()
#11 C:\xampp\htdocs\nhui\wp-includes\template.php(772): require('C:\\xampp\\htdocs...')
#12 C:\xampp\htdocs\nhui\wp-includes\template.php(716): load_template('C:\\xampp\\htdocs...', false, Array)
#13 C:\xampp\htdocs\nhui\wp-includes\general-template.php(204): locate_template(Array, true, false, Array)
#14 C:\xampp\htdocs\nhui\wp-content\themes\wp-bootstrap-starter-child\page.php(24): get_template_part('template-parts/...', 'page')
#15 C:\xampp\htdocs\nhui\wp-includes\template-loader.php(106): include('C:\\xampp\\htdocs...')
#16 C:\xampp\htdocs\nhui\wp-blog-header.php(19): require_once('C:\\xampp\\htdocs...')
#17 C:\xampp\htdocs\nhui\index.php(17): require('C:\\xampp\\htdocs...')
#18 {main}
  thrown in C:\xampp\htdocs\nhui\wp-content\themes\wp-bootstrap-starter-child\woocommerce\cart\cart.php on line 95

2021-12-15T05:14:56+00:00 CRITICAL Uncaught Error: Call to a member function get_categories() on null in C:\xampp\htdocs\nhui\wp-content\themes\wp-bootstrap-starter-child\woocommerce\cart\cart.php:95
Stack trace:
#0 C:\xampp\htdocs\nhui\wp-content\plugins\woocommerce\includes\wc-core-functions.php(345): include()
#1 C:\xampp\htdocs\nhui\wp-content\plugins\woocommerce\includes\shortcodes\class-wc-shortcode-cart.php(99): wc_get_template('cart/cart.php')
#2 C:\xampp\htdocs\nhui\wp-content\plugins\woocommerce\includes\class-wc-shortcodes.php(72): WC_Shortcode_Cart::output(Array)
#3 C:\xampp\htdocs\nhui\wp-content\plugins\woocommerce\includes\class-wc-shortcodes.php(85): WC_Shortcodes::shortcode_wrapper(Array)
#4 C:\xampp\htdocs\nhui\wp-includes\shortcodes.php(356): WC_Shortcodes::cart('', '', 'woocommerce_car...')
#5 [internal function]: do_shortcode_tag(Array)
#6 C:\xampp\htdocs\nhui\wp-includes\shortcodes.php(228): preg_replace_callback('/\\[(\\[?)(woocom...', 'do_shortcode_ta...', '[woocommerce_ca...')
#7 C:\xampp\htdocs\nhui\wp-includes\class-wp-hook.php(303): do_shortcode('[woocommerce_ca...')
#8 C:\xampp\htdocs\nhui\wp-includes\plugin.php(189): WP_Hook->apply_filters('[woocommerce_ca...', Array)
#9 C:\xampp\htdocs\nhui\wp-includes\post-template.php(253): apply_filters('the_content', '<!-- wp:shortco...')
#10 C:\xampp\htdocs\nhui\wp-content\themes\wp-bootstrap-starter\template-parts\content-page.php(24): the_content()
#11 C:\xampp\htdocs\nhui\wp-includes\template.php(772): require('C:\\xampp\\htdocs...')
#12 C:\xampp\htdocs\nhui\wp-includes\template.php(716): load_template('C:\\xampp\\htdocs...', false, Array)
#13 C:\xampp\htdocs\nhui\wp-includes\general-template.php(204): locate_template(Array, true, false, Array)
#14 C:\xampp\htdocs\nhui\wp-content\themes\wp-bootstrap-starter-child\page.php(24): get_template_part('template-parts/...', 'page')
#15 C:\xampp\htdocs\nhui\wp-includes\template-loader.php(106): include('C:\\xampp\\htdocs...')
#16 C:\xampp\htdocs\nhui\wp-blog-header.php(19): require_once('C:\\xampp\\htdocs...')
#17 C:\xampp\htdocs\nhui\index.php(17): require('C:\\xampp\\htdocs...')
#18 {main}
  thrown in C:\xampp\htdocs\nhui\wp-content\themes\wp-bootstrap-starter-child\woocommerce\cart\cart.php on line 95

2021-12-15T07:42:42+00:00 CRITICAL Uncaught Error: Call to undefined method WC_Product_Simple::get_category() in C:\xampp\htdocs\nhui\wp-content\themes\wp-bootstrap-starter-child\woocommerce\cart\cart.php:80
Stack trace:
#0 C:\xampp\htdocs\nhui\wp-content\plugins\woocommerce\includes\wc-core-functions.php(345): include()
#1 C:\xampp\htdocs\nhui\wp-content\plugins\woocommerce\includes\shortcodes\class-wc-shortcode-cart.php(99): wc_get_template('cart/cart.php')
#2 C:\xampp\htdocs\nhui\wp-content\plugins\woocommerce\includes\class-wc-shortcodes.php(72): WC_Shortcode_Cart::output(Array)
#3 C:\xampp\htdocs\nhui\wp-content\plugins\woocommerce\includes\class-wc-shortcodes.php(85): WC_Shortcodes::shortcode_wrapper(Array)
#4 C:\xampp\htdocs\nhui\wp-includes\shortcodes.php(356): WC_Shortcodes::cart('', '', 'woocommerce_car...')
#5 [internal function]: do_shortcode_tag(Array)
#6 C:\xampp\htdocs\nhui\wp-includes\shortcodes.php(228): preg_replace_callback('/\\[(\\[?)(woocom...', 'do_shortcode_ta...', '[woocommerce_ca...')
#7 C:\xampp\htdocs\nhui\wp-includes\class-wp-hook.php(303): do_shortcode('[woocommerce_ca...')
#8 C:\xampp\htdocs\nhui\wp-includes\plugin.php(189): WP_Hook->apply_filters('[woocommerce_ca...', Array)
#9 C:\xampp\htdocs\nhui\wp-includes\post-template.php(253): apply_filters('the_content', '<!-- wp:shortco...')
#10 C:\xampp\htdocs\nhui\wp-content\themes\wp-bootstrap-starter\template-parts\content-page.php(24): the_content()
#11 C:\xampp\htdocs\nhui\wp-includes\template.php(772): require('C:\\xampp\\htdocs...')
#12 C:\xampp\htdocs\nhui\wp-includes\template.php(716): load_template('C:\\xampp\\htdocs...', false, Array)
#13 C:\xampp\htdocs\nhui\wp-includes\general-template.php(204): locate_template(Array, true, false, Array)
#14 C:\xampp\htdocs\nhui\wp-content\themes\wp-bootstrap-starter-child\page.php(24): get_template_part('template-parts/...', 'page')
#15 C:\xampp\htdocs\nhui\wp-includes\template-loader.php(106): include('C:\\xampp\\htdocs...')
#16 C:\xampp\htdocs\nhui\wp-blog-header.php(19): require_once('C:\\xampp\\htdocs...')
#17 C:\xampp\htdocs\nhui\index.php(17): require('C:\\xampp\\htdocs...')
#18 {main}
  thrown in C:\xampp\htdocs\nhui\wp-content\themes\wp-bootstrap-starter-child\woocommerce\cart\cart.php on line 80

