********************************************************************************
DUPLICATOR-LITE PACKAGE-LOG: December 14, 2021 7:40 am
NOTICE: Do NOT post to public sites or forums 
********************************************************************************
VERSION:	1.4.3
WORDPRESS:	5.8.2
PHP INFO:	8.0.2 | SAPI: apache2handler
SERVER:		Apache/2.4.46 (Win64) OpenSSL/1.1.1h PHP/8.0.2 
PHP TIME LIMIT: (0) no time limit imposed 
PHP MAX MEMORY: 4294967296 (512M default) 
MEMORY STACK: 8MB

********************************************************************************
DATABASE:
********************************************************************************
BUILD MODE:   MYSQLDUMP
MYSQLTIMEOUT: 5000
MYSQLDUMP:    Is Supported
SQL CREATED: 20211214_nhui_4d933d431fc363883798_20211214073944_database.sql
SQL FILE SIZE: 1.68MB (1765001)
SQL FILE TIME: 2021-12-14 07:40:06
SQL RUNTIME: 3.04 sec.

********************************************************************************
ARCHIVE (ZIP):
********************************************************************************
ARCHIVE DIR:  C:/xampp/htdocs/nhui
ARCHIVE FILE: 20211214_nhui_4d933d431fc363883798_20211214073944_archive.zip
FILTERS: *OFF*
DIRS:
	not set
FILES:
	not set
EXTS:  not set
----------------------------------------
COMPRESSING
SIZE:	96.71MB
STATS:	Dirs 1,127 | Files 6,770
SQL ADDED: 20211214_nhui_4d933d431fc363883798_20211214073944_database.sql
ZipArchive Object
(
    [lastId] => 7896
    [status] => 0
    [statusSys] => 0
    [numFiles] => 7897
    [filename] => C:\xampp\htdocs\nhui\wp-content\backups-dup-lite\tmp\20211214_nhui_4d933d431fc363883798_20211214073944_archive.zip
    [comment] => 
)

FILE ADDED TO ZIP: 7896
COMPRESSION RESULT: '1'
COMPRESSED SIZE: 34.35MB
ARCHIVE RUNTIME: 25.77 sec.
MEMORY STACK: 10MB
building installer
add_extra_files1
add_extra_files2
add_extra_files3
add_extra_files4
Doing archive file check
add_extra_files5
add_extra_files6
add_extra_files8
Successfully opened zip C:/xampp/htdocs/nhui/wp-content/backups-dup-lite/tmp/20211214_nhui_4d933d431fc363883798_20211214073944_archive.zip
Adding enhanced installer files to archive using ZipArchive
Installer files added to archive
Added to archive
After ziparchive close when adding installer

********************************************************************************
INTEGRITY CHECKS:
********************************************************************************
SQL FILE: 1.68MB
INSTALLER FILE: 64.25KB
ARCHIVE FILE: 35.36MB 
EXPECTED FILE/DIRECTORY COUNT: 7,897
ACTUAL FILE/DIRECTORY COUNT: 7,896
ARCHIVE CONSISTENCY TEST: Pass

********************************************************************************
RECORD ID:[1]
TOTAL PROCESS RUNTIME: 31.30 sec.
PEAK PHP MEMORY USED: 12MB
DONE PROCESSING => 20211214_nhui December 14, 2021 7:40 am

